[debug] [2023-01-12T10:18:27.082Z] ----------------------------------------------------------------------
[debug] [2023-01-12T10:18:27.086Z] Command:       C:\Program Files\nodejs\node.exe C:\Users\UPOMA\AppData\Roaming\npm\node_modules\firebase-tools\lib\bin\firebase.js init
[debug] [2023-01-12T10:18:27.087Z] CLI Version:   11.19.0
[debug] [2023-01-12T10:18:27.087Z] Platform:      win32
[debug] [2023-01-12T10:18:27.087Z] Node Version:  v18.12.1
[debug] [2023-01-12T10:18:27.088Z] Time:          Thu Jan 12 2023 16:18:27 GMT+0600 (Bangladesh Standard Time)
[debug] [2023-01-12T10:18:27.089Z] ----------------------------------------------------------------------
[debug] 
[debug] [2023-01-12T10:18:27.106Z] >>> [apiv2][query] GET https://firebase-public.firebaseio.com/cli.json [none]
[debug] [2023-01-12T10:18:27.200Z] > command requires scopes: ["email","openid","https://www.googleapis.com/auth/cloudplatformprojects.readonly","https://www.googleapis.com/auth/firebase","https://www.googleapis.com/auth/cloud-platform"]
[debug] [2023-01-12T10:18:27.200Z] > authorizing via signed-in user (upoma.cdsr@gmail.com)
[info] 
     ######## #### ########  ######## ########     ###     ######  ########
     ##        ##  ##     ## ##       ##     ##  ##   ##  ##       ##
     ######    ##  ########  ######   ########  #########  ######  ######
     ##        ##  ##    ##  ##       ##     ## ##     ##       ## ##
     ##       #### ##     ## ######## ########  ##     ##  ######  ########

You're about to initialize a Firebase project in this directory:

  C:\Projects\resma-islam-upoma-portfolio

Before we get started, keep in mind:

  * You are currently outside your home directory

[debug] [2023-01-12T10:18:28.032Z] <<< [apiv2][status] GET https://firebase-public.firebaseio.com/cli.json 200
[debug] [2023-01-12T10:18:28.033Z] <<< [apiv2][body] GET https://firebase-public.firebaseio.com/cli.json {"cloudBuildErrorAfter":1594252800000,"cloudBuildWarnAfter":1590019200000,"defaultNode10After":1594252800000,"minVersion":"3.0.5","node8DeploysDisabledAfter":1613390400000,"node8RuntimeDisabledAfter":1615809600000,"node8WarnAfter":1600128000000}
[info] 
=== Project Setup
[info] 
[info] First, let's associate this project directory with a Firebase project.
[info] You can create multiple project aliases by running firebase use --add, 
[info] but for now we'll just set up a default project.
[info] 
[debug] [2023-01-12T10:18:50.857Z] > refreshing access token with scopes: []
[debug] [2023-01-12T10:18:50.858Z] >>> [apiv2][query] POST https://www.googleapis.com/oauth2/v3/token [none]
[debug] [2023-01-12T10:18:50.858Z] >>> [apiv2][body] POST https://www.googleapis.com/oauth2/v3/token [omitted]
[debug] [2023-01-12T10:18:51.273Z] <<< [apiv2][status] POST https://www.googleapis.com/oauth2/v3/token 200
[debug] [2023-01-12T10:18:51.273Z] <<< [apiv2][body] POST https://www.googleapis.com/oauth2/v3/token [omitted]
[debug] [2023-01-12T10:18:51.291Z] >>> [apiv2][query] GET https://firebase.googleapis.com/v1beta1/projects pageSize=100
[debug] [2023-01-12T10:18:53.397Z] <<< [apiv2][status] GET https://firebase.googleapis.com/v1beta1/projects 200
[debug] [2023-01-12T10:18:53.398Z] <<< [apiv2][body] GET https://firebase.googleapis.com/v1beta1/projects [omitted]
